{
  "RSpec": {
    "coverage": {
      "/Users/will/www/gems/coca/lib/coca/version.rb": [
        1,
        1,
        null
      ],
      "/Users/will/www/gems/coca/lib/coca.rb": [
        1,
        1,
        1,
        1,
        1,
        null,
        1,
        10,
        null,
        null,
        1,
        0,
        null,
        null,
        1,
        1,
        null,
        null,
        null,
        null,
        null,
        null,
        null,
        null,
        null,
        1,
        1,
        1,
        1,
        1,
        1,
        1,
        1,
        1,
        null,
        1,
        1,
        1,
        null,
        null,
        1,
        1,
        null,
        null,
        1,
        22,
        null,
        null,
        1,
        0,
        null,
        null,
        1,
        0,
        null,
        null,
        null,
        null,
        1,
        null,
        null,
        null
      ],
      "/Users/will/www/gems/coca/lib/coca/engine.rb": [
        1,
        1,
        null,
        1,
        1,
        1,
        null,
        1,
        1,
        1,
        1,
        1,
        null,
        null,
        null,
        null
      ],
      "/Users/will/www/gems/coca/lib/coca/delegate.rb": [
        1,
        1,
        null,
        1,
        1,
        1,
        1,
        null,
        1,
        13,
        13,
        null,
        null,
        1,
        1,
        null,
        null,
        1,
        18,
        null,
        null,
        1,
        16,
        null,
        null,
        1,
        15,
        null,
        null,
        1,
        0,
        null,
        null,
        1,
        15,
        null,
        null,
        1,
        14,
        null,
        null,
        1,
        13,
        null,
        null,
        1,
        14,
        14,
        14,
        null,
        null,
        1,
        14,
        null,
        null,
        1,
        10,
        10,
        null,
        null,
        null,
        null
      ],
      "/Users/will/www/gems/coca/lib/coca/auth_cookie.rb": [
        1,
        null,
        null,
        null,
        null,
        1,
        null,
        1,
        null,
        1,
        13,
        13,
        null,
        null,
        null,
        1,
        10,
        null,
        null,
        null,
        1,
        0,
        null,
        null,
        1,
        0,
        null,
        null,
        null,
        1,
        0,
        null,
        null,
        null,
        1,
        3,
        null,
        null,
        1,
        3,
        null,
        null,
        null,
        1,
        0,
        null,
        null,
        1,
        null,
        1,
        0,
        0,
        0,
        0,
        null,
        null,
        null,
        1,
        13,
        null,
        null,
        1,
        10,
        null,
        null,
        1,
        10,
        10,
        null,
        null,
        1,
        10,
        null,
        null,
        null,
        null,
        null
      ],
      "/Users/will/www/gems/coca/lib/devise/models/cocable.rb": [
        1,
        null,
        1,
        1,
        1,
        1,
        null,
        null,
        null,
        null,
        null
      ],
      "/Users/will/www/gems/coca/lib/devise/strategies/cocable.rb": [
        1,
        null,
        1,
        1,
        null,
        null,
        null,
        null,
        null,
        null,
        null,
        1,
        1,
        11,
        null,
        null,
        1,
        8,
        8,
        null,
        8,
        8,
        null,
        0,
        null,
        null,
        8,
        4,
        4,
        null,
        null,
        8,
        null,
        null,
        1,
        8,
        8,
        8,
        8,
        null,
        8,
        null,
        null,
        1,
        null,
        null,
        null,
        1,
        3,
        null,
        null,
        null,
        null,
        null,
        null,
        1
      ],
      "/Users/will/www/gems/coca/app/controllers/coca/authentications_controller.rb": [
        1,
        1,
        1,
        null,
        1,
        1,
        null,
        1,
        16,
        16,
        14,
        null,
        2,
        null,
        null,
        null,
        1,
        null,
        1,
        16,
        null,
        null,
        null,
        null
      ],
      "/Users/will/www/gems/coca/app/helpers/coca/application_helper.rb": [
        1,
        1,
        null,
        null
      ]
    },
    "timestamp": 1372240082
  }
}
